<?xml version="1.0" encoding="UTF-8"?>
<testsuite name="mastermind.MastermindTests" tests="7" skipped="0" failures="0" errors="0" timestamp="2019-02-16T08:22:15" hostname="AFE0804006.local" time="0.021">
  <properties/>
  <testcase name="testOnlyWrongPositions" classname="mastermind.MastermindTests" time="0.017"/>
  <testcase name="testEqual" classname="mastermind.MastermindTests" time="0.0"/>
  <testcase name="testSwap" classname="mastermind.MastermindTests" time="0.0"/>
  <testcase name="testSameLetters" classname="mastermind.MastermindTests" time="0.0"/>
  <testcase name="testRightPositions" classname="mastermind.MastermindTests" time="0.001"/>
  <testcase name="testRightPosition" classname="mastermind.MastermindTests" time="0.001"/>
  <testcase name="testWrongPositions" classname="mastermind.MastermindTests" time="0.0"/>
  <system-out><![CDATA[]]></system-out>
  <system-err><![CDATA[]]></system-err>
</testsuite>
